<?xml version="1.0" encoding="UTF-8"?>
<!-- Generated by org.testng.reporters.JUnitReportReporter -->
<testsuite hostname="DESKTOP-MUIS24O" failures="0" tests="2" name="nestedFramesTests.NestedFramesTests" time="35.774" errors="0" timestamp="2020-09-18T16:50:17 CEST" skipped="0">
  <testcase classname="nestedFramesTests.NestedFramesTests" name="verifyLeftFrame" time="23.638"/>
  <system-out/>
  <testcase classname="nestedFramesTests.NestedFramesTests" name="verifyRightFrame" time="12.136"/>
  <system-out/>
</testsuite> <!-- nestedFramesTests.NestedFramesTests -->
