<?xml version="1.0" encoding="UTF-8"?>
<!-- Generated by org.testng.reporters.JUnitReportReporter -->
<testsuite hostname="DESKTOP-MUIS24O" failures="0" tests="3" name="authenticationTests.AuthenticationForm" time="42.104" errors="0" timestamp="2020-09-15T18:17:09 CEST" skipped="0">
  <testcase classname="authenticationTests.AuthenticationForm" name="sucessAuthentication" time="11.961"/>
  <system-out/>
  <testcase classname="authenticationTests.AuthenticationForm" name="failedAuthentication" time="14.586"/>
  <system-out/>
  <testcase classname="authenticationTests.AuthenticationForm" name="incorrectPasswordAuth" time="15.557"/>
  <system-out/>
</testsuite> <!-- authenticationTests.AuthenticationForm -->
