<?xml version="1.0" encoding="UTF-8"?>
<!-- Generated by org.testng.reporters.JUnitReportReporter -->
<testsuite hostname="DESKTOP-MUIS24O" failures="0" tests="2" name="nestedFramesTests.NestedFramesTests" time="22.158" errors="0" timestamp="2020-09-16T13:54:44 CEST" skipped="0">
  <testcase classname="nestedFramesTests.NestedFramesTests" name="verifyLeftFrame" time="9.587"/>
  <system-out/>
  <testcase classname="nestedFramesTests.NestedFramesTests" name="verifyRightFrame" time="12.571"/>
  <system-out/>
</testsuite> <!-- nestedFramesTests.NestedFramesTests -->
