<?xml version="1.0" encoding="UTF-8"?>
<!-- Generated by org.testng.reporters.JUnitReportReporter -->
<testsuite hostname="DESKTOP-MUIS24O" failures="0" tests="3" name="horizontalSliderTests.SliderTests" time="54.471" errors="0" timestamp="2020-10-13T13:32:35 CEST" skipped="0">
  <testcase classname="horizontalSliderTests.SliderTests" name="verifyFifthValue" time="14.613"/>
  <system-out/>
  <testcase classname="horizontalSliderTests.SliderTests" name="verifySecondValue" time="8.959"/>
  <system-out/>
  <testcase classname="horizontalSliderTests.SliderTests" name="verifyFourthValue" time="30.899"/>
  <system-out/>
</testsuite> <!-- horizontalSliderTests.SliderTests -->
