<?xml version="1.0" encoding="UTF-8"?>
<!-- Generated by org.testng.reporters.JUnitReportReporter -->
<testsuite hostname="DESKTOP-MUIS24O" failures="0" tests="1" name="uploadFilesTests.UploadFileTests" time="23.896" errors="0" timestamp="2020-09-18T16:50:17 CEST" skipped="0">
  <testcase classname="uploadFilesTests.UploadFileTests" name="uploadPDFFile" time="23.896"/>
  <system-out/>
</testsuite> <!-- uploadFilesTests.UploadFileTests -->
