<?xml version="1.0" encoding="UTF-8"?>
<!-- Generated by org.testng.reporters.JUnitReportReporter -->
<testsuite hostname="DESKTOP-MUIS24O" failures="0" tests="2" name="nestedFramesTests.NestedFramesTests" time="31.848" errors="0" timestamp="2020-09-15T18:17:09 CEST" skipped="0">
  <testcase classname="nestedFramesTests.NestedFramesTests" name="verifyLeftFrame" time="17.239"/>
  <system-out/>
  <testcase classname="nestedFramesTests.NestedFramesTests" name="verifyRightFrame" time="14.609"/>
  <system-out/>
</testsuite> <!-- nestedFramesTests.NestedFramesTests -->
