<?xml version="1.0" encoding="UTF-8"?>
<!-- Generated by org.testng.reporters.JUnitReportReporter -->
<testsuite hostname="DESKTOP-MUIS24O" failures="0" tests="3" name="authenticationTests.AuthenticationForm" time="30.392" errors="0" timestamp="2020-09-15T14:36:11 CEST" skipped="0">
  <testcase classname="authenticationTests.AuthenticationForm" name="sucessAuthentication" time="9.136"/>
  <system-out/>
  <testcase classname="authenticationTests.AuthenticationForm" name="failedAuthentication" time="9.172"/>
  <system-out/>
  <testcase classname="authenticationTests.AuthenticationForm" name="incorrectPasswordAuth" time="12.084"/>
  <system-out/>
</testsuite> <!-- authenticationTests.AuthenticationForm -->
