<?xml version="1.0" encoding="UTF-8"?>
<!-- Generated by org.testng.reporters.JUnitReportReporter -->
<testsuite hostname="DESKTOP-MUIS24O" failures="0" tests="3" name="authenticationTests.AuthenticationForm" time="31.946" errors="0" timestamp="2020-09-18T16:55:43 CEST" skipped="0">
  <testcase classname="authenticationTests.AuthenticationForm" name="sucessAuthentication" time="9.666"/>
  <system-out/>
  <testcase classname="authenticationTests.AuthenticationForm" name="failedAuthentication" time="10.117"/>
  <system-out/>
  <testcase classname="authenticationTests.AuthenticationForm" name="incorrectPasswordAuth" time="12.163"/>
  <system-out/>
</testsuite> <!-- authenticationTests.AuthenticationForm -->
