<?xml version="1.0" encoding="UTF-8"?>
<!-- Generated by org.testng.reporters.JUnitReportReporter -->
<testsuite hostname="DESKTOP-MUIS24O" failures="0" tests="2" name="nestedFramesTests.NestedFramesTests" time="20.690" errors="0" timestamp="2020-10-13T15:09:37 CEST" skipped="0">
  <testcase classname="nestedFramesTests.NestedFramesTests" name="verifyLeftFrame" time="9.149"/>
  <system-out/>
  <testcase classname="nestedFramesTests.NestedFramesTests" name="verifyRightFrame" time="11.541"/>
  <system-out/>
</testsuite> <!-- nestedFramesTests.NestedFramesTests -->
