<?xml version="1.0" encoding="UTF-8"?>
<!-- Generated by org.testng.reporters.JUnitReportReporter -->
<testsuite hostname="DESKTOP-MUIS24O" failures="0" tests="1" name="uploadFilesTests.UploadFileTests" time="11.572" errors="0" timestamp="2020-10-13T15:09:37 CEST" skipped="0">
  <testcase classname="uploadFilesTests.UploadFileTests" name="uploadPDFFile" time="11.572"/>
  <system-out/>
</testsuite> <!-- uploadFilesTests.UploadFileTests -->
