<?xml version="1.0" encoding="UTF-8"?>
<!-- Generated by org.testng.reporters.JUnitReportReporter -->
<testsuite hostname="DESKTOP-MUIS24O" failures="0" tests="3" name="horizontalSliderTests.SliderTests" time="40.165" errors="0" timestamp="2020-09-18T16:55:43 CEST" skipped="0">
  <testcase classname="horizontalSliderTests.SliderTests" name="verifyFifthValue" time="11.227"/>
  <system-out/>
  <testcase classname="horizontalSliderTests.SliderTests" name="verifySecondValue" time="20.192"/>
  <system-out/>
  <testcase classname="horizontalSliderTests.SliderTests" name="verifyFourthValue" time="8.746"/>
  <system-out/>
</testsuite> <!-- horizontalSliderTests.SliderTests -->
