<?xml version="1.0" encoding="UTF-8"?>
<!-- Generated by org.testng.reporters.JUnitReportReporter -->
<testsuite hostname="DESKTOP-MUIS24O" failures="0" tests="3" name="authenticationTests.AuthenticationForm" time="36.515" errors="0" timestamp="2020-10-13T15:09:37 CEST" skipped="0">
  <testcase classname="authenticationTests.AuthenticationForm" name="sucessAuthentication" time="8.735"/>
  <system-out/>
  <testcase classname="authenticationTests.AuthenticationForm" name="failedAuthentication" time="19.041"/>
  <system-out/>
  <testcase classname="authenticationTests.AuthenticationForm" name="incorrectPasswordAuth" time="8.739"/>
  <system-out/>
</testsuite> <!-- authenticationTests.AuthenticationForm -->
