<?xml version="1.0" encoding="UTF-8"?>
<!-- Generated by org.testng.reporters.JUnitReportReporter -->
<testsuite hostname="DESKTOP-MUIS24O" failures="0" tests="3" name="horizontalSliderTests.SliderTests" time="35.387" errors="0" timestamp="2020-10-13T15:39:16 CEST" skipped="0">
  <testcase classname="horizontalSliderTests.SliderTests" name="verifyFifthValue" time="8.556"/>
  <system-out/>
  <testcase classname="horizontalSliderTests.SliderTests" name="verifySecondValue" time="8.066"/>
  <system-out/>
  <testcase classname="horizontalSliderTests.SliderTests" name="verifyFourthValue" time="18.765"/>
  <system-out/>
</testsuite> <!-- horizontalSliderTests.SliderTests -->
