<?xml version="1.0" encoding="UTF-8"?>
<!-- Generated by org.testng.reporters.JUnitReportReporter -->
<testsuite hostname="DESKTOP-MUIS24O" failures="0" tests="3" name="horizontalSliderTests.SliderTests" time="28.842" errors="0" timestamp="2020-10-13T15:09:37 CEST" skipped="0">
  <testcase classname="horizontalSliderTests.SliderTests" name="verifyFifthValue" time="8.968"/>
  <system-out/>
  <testcase classname="horizontalSliderTests.SliderTests" name="verifySecondValue" time="8.692"/>
  <system-out/>
  <testcase classname="horizontalSliderTests.SliderTests" name="verifyFourthValue" time="11.182"/>
  <system-out/>
</testsuite> <!-- horizontalSliderTests.SliderTests -->
